\BOOKMARK [1][-]{section.1}{\376\377\225\356\230\230\221\315\217\360}{}% 1
\BOOKMARK [2][-]{subsection.1.1}{\376\377\225\356\230\230\200\314\146\157}{section.1}% 2
\BOOKMARK [2][-]{subsection.1.2}{\376\377\166\356\150\007\116\373\122\241}{section.1}% 3
\BOOKMARK [1][-]{section.2}{\376\377\225\356\230\230\122\006\147\220}{}% 4
\BOOKMARK [2][-]{subsection.2.1}{\376\377\225\356\230\230\116\000}{section.2}% 5
\BOOKMARK [2][-]{subsection.2.2}{\376\377\225\356\230\230\116\214}{section.2}% 6
\BOOKMARK [2][-]{subsection.2.3}{\376\377\225\356\230\230\116\011}{section.2}% 7
\BOOKMARK [2][-]{subsection.2.4}{\376\377\225\356\230\230\126\333}{section.2}% 8
\BOOKMARK [2][-]{subsection.2.5}{\376\377\225\356\230\230\116\224}{section.2}% 9
\BOOKMARK [1][-]{section.3}{\376\377\152\041\127\213\120\107\213\276}{}% 10
\BOOKMARK [1][-]{section.4}{\376\377\173\046\123\367\213\364\146\016}{}% 11
\BOOKMARK [1][-]{section.5}{\376\377\152\041\127\213\166\204\136\372\172\313\116\016\154\102\211\343}{}% 12
\BOOKMARK [2][-]{subsection.5.1}{\376\377\225\356\230\230\116\000\166\204\152\041\127\213\136\372\172\313\116\016\154\102\211\343}{section.5}% 13
\BOOKMARK [2][-]{subsection.5.2}{\376\377\225\356\230\230\116\214\166\204\152\041\127\213\136\372\172\313\116\016\154\102\211\343}{section.5}% 14
\BOOKMARK [3][-]{subsubsection.5.2.1}{\376\377\136\372\172\313\134\102\153\041\176\323\147\204\152\041\127\213}{subsection.5.2}% 15
\BOOKMARK [3][-]{subsubsection.5.2.2}{\376\377\147\204\136\372\142\020\133\371\153\324\217\203\167\351\226\065\123\312\137\122\116\000\123\026}{subsection.5.2}% 16
\BOOKMARK [3][-]{subsubsection.5.2.3}{\376\377\134\102\153\041\123\125\143\222\136\217\123\312\116\000\201\364\140\047\150\300\232\214}{subsection.5.2}% 17
\BOOKMARK [3][-]{subsubsection.5.2.4}{\376\377\213\241\173\227\176\304\124\010\147\103\221\315\123\312\137\227\122\006}{subsection.5.2}% 18
\BOOKMARK [2][-]{subsection.5.3}{\376\377\225\356\230\230\116\011\166\204\152\041\127\213\136\372\172\313\116\016\154\102\211\343}{section.5}% 19
\BOOKMARK [3][-]{subsubsection.5.3.1}{\376\377\152\041\127\213\166\204\136\372\172\313}{subsection.5.3}% 20
\BOOKMARK [3][-]{subsubsection.5.3.2}{\376\377\152\041\127\213\166\204\232\214\213\301}{subsection.5.3}% 21
\BOOKMARK [2][-]{subsection.5.4}{\376\377\225\356\230\230\126\333\166\204\152\041\127\213\136\372\172\313\116\016\154\102\211\343}{section.5}% 22
\BOOKMARK [3][-]{subsubsection.5.4.1}{\376\377\152\041\127\213\166\204\122\006\147\220}{subsection.5.4}% 23
\BOOKMARK [3][-]{subsubsection.5.4.2}{\376\377\152\041\127\213\166\204\136\372\172\313}{subsection.5.4}% 24
\BOOKMARK [3][-]{subsubsection.5.4.3}{\376\377\152\041\127\213\166\204\154\102\211\343}{subsection.5.4}% 25
\BOOKMARK [3][-]{subsubsection.5.4.4}{\376\377\152\041\127\213\166\204\150\300\232\214}{subsection.5.4}% 26
\BOOKMARK [3][-]{subsubsection.5.4.5}{\376\377\152\041\127\213\176\323\147\234}{subsection.5.4}% 27
\BOOKMARK [1][-]{section.6}{\376\377\176\323\147\234\150\300\232\214\116\016\213\357\135\356\122\006\147\220}{}% 28
\BOOKMARK [2][-]{subsection.6.1}{\376\377\225\356\230\230\116\011\176\323\147\234\150\300\232\214}{section.6}% 29
\BOOKMARK [2][-]{subsection.6.2}{\376\377\225\356\230\230\126\333\176\323\147\234\150\300\232\214}{section.6}% 30
\BOOKMARK [1][-]{section.7}{\376\377\152\041\127\213\213\304\116\367}{}% 31
\BOOKMARK [2][-]{subsection.7.1}{\376\377\152\041\127\213\117\030\160\271}{section.7}% 32
\BOOKMARK [3][-]{subsubsection.7.1.1}{\376\377\136\372\173\121\165\037\124\175\124\150\147\037\170\263\143\222\145\076\213\304\116\367\152\041\127\213}{subsection.7.1}% 33
\BOOKMARK [3][-]{subsubsection.7.1.2}{\376\377\154\137\202\317\167\001\136\372\173\121\170\263\143\222\145\076\121\150\217\307\172\013\167\355\147\037\230\204\155\113\152\041\127\213}{subsection.7.1}% 34
\BOOKMARK [2][-]{subsection.7.2}{\376\377\152\041\127\213\177\072\160\271}{section.7}% 35
\BOOKMARK [3][-]{subsubsection.7.2.1}{\376\377\136\372\173\121\165\037\124\175\124\150\147\037\170\263\143\222\145\076\213\304\116\367\152\041\127\213}{subsection.7.2}% 36
\BOOKMARK [3][-]{subsubsection.7.2.2}{\376\377\154\137\202\317\167\001\136\372\173\121\170\263\143\222\145\076\121\150\217\307\172\013\167\355\147\037\230\204\155\113\152\041\127\213}{subsection.7.2}% 37
\BOOKMARK [1][-]{section.8}{\376\377\152\041\127\213\143\250\136\177\116\016\145\071\217\333}{}% 38
\BOOKMARK [2][-]{subsection.8.1}{\376\377\213\304\116\367\152\041\127\213\166\204\145\071\217\333}{section.8}% 39
\BOOKMARK [3][-]{subsubsection.8.1.1}{\376\377\122\044\145\255\167\351\226\065\166\204\145\071\217\333}{subsection.8.1}% 40
\BOOKMARK [3][-]{subsubsection.8.1.2}{\376\377\122\044\145\255\143\007\150\007\166\204\117\030\123\026}{subsection.8.1}% 41
\BOOKMARK [2][-]{subsection.8.2}{\376\377\230\204\155\113\152\041\127\213\166\204\145\071\217\333}{section.8}% 42
\BOOKMARK [3][-]{subsubsection.8.2.1}{\376\377\145\271\172\013\137\017\117\356\153\143}{subsection.8.2}% 43
\BOOKMARK [3][-]{subsubsection.8.2.2}{\376\377\150\300\232\214\145\071\217\333}{subsection.8.2}% 44
\BOOKMARK [1][-]{section.9}{\376\377\123\302\200\003\145\207\163\056}{}% 45
\BOOKMARK [1][-]{section.10}{\376\377\226\104\137\125}{}% 46
